<?xml version="1.0" encoding="UTF-8"?>
<!-- Generated by org.testng.reporters.JUnitReportReporter -->
<testsuite hostname="Alpha-Owl" failures="0" tests="1" name="test.automation.shoppingCartTest" time="4.053" errors="0" timestamp="2022-10-21T10:47:12 CDT" skipped="0">
  <testcase classname="test.automation.shoppingCartTest" name="shopAndCheckout" time="4.053"/>
  <system-out/>
</testsuite> <!-- test.automation.shoppingCartTest -->
